Send: M503
Recv: echo:  G21    ; Units in mm (mm)
Recv: echo:  M149 C ; Units in Celsius
Recv: 
Recv: echo:; Filament settings: Disabled
Recv: echo:  M200 S0 D1.75
Recv: echo:; Steps per unit:
Recv: echo: M92 X80.00 Y80.00 Z400.00 E97.00
Recv: echo:; Maximum feedrates (units/s):
Recv: echo:  M203 X500.00 Y500.00 Z10.00 E50.00
Recv: echo:; Maximum Acceleration (units/s2):
Recv: echo:  M201 X500.00 Y500.00 Z100.00 E5000.00
Recv: echo:; Acceleration (units/s2): P<print_accel> R<retract_accel> T<travel_accel>
Recv: echo:  M204 P500.00 R500.00 T500.00
Recv: echo:; Advanced: B<min_segment_time_us> S<min_feedrate> T<min_travel_feedrate> J<junc_dev>
Recv: echo:  M205 B20000.00 S0.00 T0.00 J0.08
Recv: echo:; Home offset:
Recv: echo:  M206 X0.00 Y0.00 Z-1.90
Recv: echo:; Auto Bed Leveling:
Recv: echo:  M420 S0 Z10.00
Recv: echo:  G29 W I0 J0 Z-0.32500
Recv: echo:  G29 W I1 J0 Z-0.20250
Recv: echo:  G29 W I2 J0 Z-0.30500
Recv: echo:  G29 W I0 J1 Z-0.14250
Recv: echo:  G29 W I1 J1 Z-0.18000
Recv: echo:  G29 W I2 J1 Z-0.25250
Recv: echo:  G29 W I0 J2 Z-0.12000
Recv: echo:  G29 W I1 J2 Z-0.07250
Recv: echo:  G29 W I2 J2 Z-0.24000
Recv: echo:; Material heatup parameters:
Recv: echo:  M145 S0 H180.00 B70.00 F0
Recv: echo:  M145 S1 H240.00 B110.00 F0
Recv: echo:; PID settings:
Recv: echo:  M301 P33.00 I2.80 D97.24
Recv: echo:; Z-Probe Offset (mm):
Recv: echo:  M851 X0.00 Y0.00 Z-1.70
Recv: echo:; Stepper driver current:
Recv: echo:  M906 X535 Y535 Z535
Recv: echo:  M906 T0 E640
Recv: 
Recv: echo:; Driver stepping mode:
Recv: echo:  M569 S1 X Y Z
Recv: ok